<?xml version="1.0" encoding="UTF-8"?>
<coverage generated="1667281196122" clover="3.2.0">
  <project timestamp="1667281196122" name="All files">
    <metrics statements="39" coveredstatements="39" conditionals="0" coveredconditionals="0" methods="16" coveredmethods="16" elements="55" coveredelements="55" complexity="0" loc="39" ncloc="39" packages="3" files="7" classes="7"/>
    <package name="components">
      <metrics statements="9" coveredstatements="9" conditionals="0" coveredconditionals="0" methods="3" coveredmethods="3"/>
      <file name="NextnPrevious.tsx" path="/Users/pcq242/Documents/ReactNative/SimpleTests/src/components/NextnPrevious.tsx">
        <metrics statements="9" coveredstatements="9" conditionals="0" coveredconditionals="0" methods="3" coveredmethods="3"/>
        <line num="10" count="6" type="stmt"/>
        <line num="25" count="6" type="stmt"/>
        <line num="27" count="30" type="stmt"/>
        <line num="29" count="30" type="stmt"/>
        <line num="30" count="1" type="stmt"/>
        <line num="32" count="30" type="stmt"/>
        <line num="33" count="1" type="stmt"/>
        <line num="35" count="30" type="stmt"/>
        <line num="53" count="6" type="stmt"/>
      </file>
    </package>
    <package name="helper">
      <metrics statements="1" coveredstatements="1" conditionals="0" coveredconditionals="0" methods="1" coveredmethods="1"/>
      <file name="renderWithNavigation.tsx" path="/Users/pcq242/Documents/ReactNative/SimpleTests/src/helper/renderWithNavigation.tsx">
        <metrics statements="1" coveredstatements="1" conditionals="0" coveredconditionals="0" methods="1" coveredmethods="1"/>
        <line num="6" count="23" type="stmt"/>
      </file>
    </package>
    <package name="screens">
      <metrics statements="29" coveredstatements="29" conditionals="0" coveredconditionals="0" methods="12" coveredmethods="12"/>
      <file name="ButtonScreen.tsx" path="/Users/pcq242/Documents/ReactNative/SimpleTests/src/screens/ButtonScreen.tsx">
        <metrics statements="10" coveredstatements="10" conditionals="0" coveredconditionals="0" methods="4" coveredmethods="4"/>
        <line num="5" count="1" type="stmt"/>
        <line num="6" count="10" type="stmt"/>
        <line num="7" count="10" type="stmt"/>
        <line num="15" count="2" type="stmt"/>
        <line num="16" count="2" type="stmt"/>
        <line num="23" count="2" type="stmt"/>
        <line num="24" count="2" type="stmt"/>
        <line num="31" count="2" type="stmt"/>
        <line num="32" count="2" type="stmt"/>
        <line num="41" count="1" type="stmt"/>
      </file>
      <file name="FlatListScreen.tsx" path="/Users/pcq242/Documents/ReactNative/SimpleTests/src/screens/FlatListScreen.tsx">
        <metrics statements="8" coveredstatements="8" conditionals="0" coveredconditionals="0" methods="4" coveredmethods="4"/>
        <line num="12" count="1" type="stmt"/>
        <line num="135" count="1" type="stmt"/>
        <line num="136" count="5" type="stmt"/>
        <line num="143" count="150" type="stmt"/>
        <line num="145" count="30" type="stmt"/>
        <line num="162" count="5" type="stmt"/>
        <line num="169" count="150" type="stmt"/>
        <line num="178" count="1" type="stmt"/>
      </file>
      <file name="ImageScreen.tsx" path="/Users/pcq242/Documents/ReactNative/SimpleTests/src/screens/ImageScreen.tsx">
        <metrics statements="3" coveredstatements="3" conditionals="0" coveredconditionals="0" methods="1" coveredmethods="1"/>
        <line num="5" count="1" type="stmt"/>
        <line num="6" count="3" type="stmt"/>
        <line num="23" count="1" type="stmt"/>
      </file>
      <file name="TextInputScreen.tsx" path="/Users/pcq242/Documents/ReactNative/SimpleTests/src/screens/TextInputScreen.tsx">
        <metrics statements="5" coveredstatements="5" conditionals="0" coveredconditionals="0" methods="2" coveredmethods="2"/>
        <line num="5" count="1" type="stmt"/>
        <line num="6" count="4" type="stmt"/>
        <line num="7" count="4" type="stmt"/>
        <line num="14" count="1" type="stmt"/>
        <line num="30" count="1" type="stmt"/>
      </file>
      <file name="TextScreen.tsx" path="/Users/pcq242/Documents/ReactNative/SimpleTests/src/screens/TextScreen.tsx">
        <metrics statements="3" coveredstatements="3" conditionals="0" coveredconditionals="0" methods="1" coveredmethods="1"/>
        <line num="5" count="1" type="stmt"/>
        <line num="6" count="3" type="stmt"/>
        <line num="23" count="1" type="stmt"/>
      </file>
    </package>
  </project>
</coverage>
