{"/Users/pcq242/Documents/ReactNative/SimpleTests/src/components/NextnPrevious.tsx": {"path":"/Users/pcq242/Documents/ReactNative/SimpleTests/src/components/NextnPrevious.tsx","statementMap":{"0":{"start":{"line":10,"column":16},"end":{"line":16,"column":1}},"1":{"start":{"line":25,"column":39},"end":{"line":51,"column":1}},"2":{"start":{"line":27,"column":4},"end":{"line":27,"column":66}},"3":{"start":{"line":29,"column":22},"end":{"line":31,"column":3}},"4":{"start":{"line":30,"column":4},"end":{"line":30,"column":74}},"5":{"start":{"line":32,"column":26},"end":{"line":34,"column":3}},"6":{"start":{"line":33,"column":4},"end":{"line":33,"column":74}},"7":{"start":{"line":35,"column":2},"end":{"line":50,"column":4}},"8":{"start":{"line":53,"column":15},"end":{"line":59,"column":2}}},"fnMap":{"0":{"name":"(anonymous_0)","decl":{"start":{"line":25,"column":39},"end":{"line":25,"column":40}},"loc":{"start":{"line":25,"column":60},"end":{"line":51,"column":1}},"line":25},"1":{"name":"(anonymous_1)","decl":{"start":{"line":29,"column":22},"end":{"line":29,"column":23}},"loc":{"start":{"line":29,"column":28},"end":{"line":31,"column":3}},"line":29},"2":{"name":"(anonymous_2)","decl":{"start":{"line":32,"column":26},"end":{"line":32,"column":27}},"loc":{"start":{"line":32,"column":32},"end":{"line":34,"column":3}},"line":32}},"branchMap":{},"s":{"0":6,"1":6,"2":30,"3":30,"4":1,"5":30,"6":1,"7":30,"8":6},"f":{"0":30,"1":1,"2":1},"b":{},"_coverageSchema":"1a1c01bbd47fc00a2c39e90264f33305004495a9","hash":"1e0dabc4e7375eb0878ebd64a3ce856e991c7b03"}
,"/Users/pcq242/Documents/ReactNative/SimpleTests/src/helper/renderWithNavigation.tsx": {"path":"/Users/pcq242/Documents/ReactNative/SimpleTests/src/helper/renderWithNavigation.tsx","statementMap":{"0":{"start":{"line":6,"column":2},"end":{"line":6,"column":78}}},"fnMap":{"0":{"name":"renderWithNavigation","decl":{"start":{"line":5,"column":16},"end":{"line":5,"column":36}},"loc":{"start":{"line":5,"column":59},"end":{"line":7,"column":1}},"line":5}},"branchMap":{},"s":{"0":23},"f":{"0":23},"b":{},"_coverageSchema":"1a1c01bbd47fc00a2c39e90264f33305004495a9","hash":"f73f51f970736d1818f83887ba76f40266856b16"}
,"/Users/pcq242/Documents/ReactNative/SimpleTests/src/screens/ButtonScreen.tsx": {"path":"/Users/pcq242/Documents/ReactNative/SimpleTests/src/screens/ButtonScreen.tsx","statementMap":{"0":{"start":{"line":5,"column":21},"end":{"line":39,"column":1}},"1":{"start":{"line":6,"column":28},"end":{"line":6,"column":40}},"2":{"start":{"line":7,"column":2},"end":{"line":38,"column":4}},"3":{"start":{"line":15,"column":12},"end":{"line":15,"column":33}},"4":{"start":{"line":16,"column":12},"end":{"line":16,"column":36}},"5":{"start":{"line":23,"column":12},"end":{"line":23,"column":33}},"6":{"start":{"line":24,"column":12},"end":{"line":24,"column":36}},"7":{"start":{"line":31,"column":12},"end":{"line":31,"column":33}},"8":{"start":{"line":32,"column":12},"end":{"line":32,"column":36}},"9":{"start":{"line":41,"column":15},"end":{"line":50,"column":2}}},"fnMap":{"0":{"name":"(anonymous_0)","decl":{"start":{"line":5,"column":21},"end":{"line":5,"column":22}},"loc":{"start":{"line":5,"column":27},"end":{"line":39,"column":1}},"line":5},"1":{"name":"(anonymous_1)","decl":{"start":{"line":14,"column":19},"end":{"line":14,"column":20}},"loc":{"start":{"line":14,"column":25},"end":{"line":17,"column":11}},"line":14},"2":{"name":"(anonymous_2)","decl":{"start":{"line":22,"column":19},"end":{"line":22,"column":20}},"loc":{"start":{"line":22,"column":25},"end":{"line":25,"column":11}},"line":22},"3":{"name":"(anonymous_3)","decl":{"start":{"line":30,"column":19},"end":{"line":30,"column":20}},"loc":{"start":{"line":30,"column":25},"end":{"line":33,"column":11}},"line":30}},"branchMap":{},"s":{"0":1,"1":10,"2":10,"3":2,"4":2,"5":2,"6":2,"7":2,"8":2,"9":1},"f":{"0":10,"1":2,"2":2,"3":2},"b":{},"_coverageSchema":"1a1c01bbd47fc00a2c39e90264f33305004495a9","hash":"1f4a38b9299856b38ba82e569131e1a6d7c62187"}
,"/Users/pcq242/Documents/ReactNative/SimpleTests/src/screens/FlatListScreen.tsx": {"path":"/Users/pcq242/Documents/ReactNative/SimpleTests/src/screens/FlatListScreen.tsx","statementMap":{"0":{"start":{"line":12,"column":20},"end":{"line":133,"column":1}},"1":{"start":{"line":135,"column":23},"end":{"line":176,"column":1}},"2":{"start":{"line":136,"column":20},"end":{"line":161,"column":3}},"3":{"start":{"line":143,"column":4},"end":{"line":160,"column":23}},"4":{"start":{"line":145,"column":8},"end":{"line":145,"column":32}},"5":{"start":{"line":162,"column":2},"end":{"line":175,"column":4}},"6":{"start":{"line":169,"column":12},"end":{"line":169,"column":52}},"7":{"start":{"line":178,"column":15},"end":{"line":188,"column":2}}},"fnMap":{"0":{"name":"(anonymous_0)","decl":{"start":{"line":135,"column":23},"end":{"line":135,"column":24}},"loc":{"start":{"line":135,"column":29},"end":{"line":176,"column":1}},"line":135},"1":{"name":"(anonymous_1)","decl":{"start":{"line":136,"column":20},"end":{"line":136,"column":21}},"loc":{"start":{"line":143,"column":4},"end":{"line":160,"column":23}},"line":143},"2":{"name":"(anonymous_2)","decl":{"start":{"line":144,"column":15},"end":{"line":144,"column":16}},"loc":{"start":{"line":144,"column":21},"end":{"line":146,"column":7}},"line":144},"3":{"name":"(anonymous_3)","decl":{"start":{"line":168,"column":22},"end":{"line":168,"column":23}},"loc":{"start":{"line":169,"column":12},"end":{"line":169,"column":52}},"line":169}},"branchMap":{},"s":{"0":1,"1":1,"2":5,"3":150,"4":30,"5":5,"6":150,"7":1},"f":{"0":5,"1":150,"2":30,"3":150},"b":{},"_coverageSchema":"1a1c01bbd47fc00a2c39e90264f33305004495a9","hash":"1bef8adeae920973b77c3eff30b1a46a2786fc6d"}
,"/Users/pcq242/Documents/ReactNative/SimpleTests/src/screens/ImageScreen.tsx": {"path":"/Users/pcq242/Documents/ReactNative/SimpleTests/src/screens/ImageScreen.tsx","statementMap":{"0":{"start":{"line":5,"column":20},"end":{"line":21,"column":1}},"1":{"start":{"line":6,"column":2},"end":{"line":20,"column":4}},"2":{"start":{"line":23,"column":15},"end":{"line":32,"column":2}}},"fnMap":{"0":{"name":"(anonymous_0)","decl":{"start":{"line":5,"column":20},"end":{"line":5,"column":21}},"loc":{"start":{"line":5,"column":26},"end":{"line":21,"column":1}},"line":5}},"branchMap":{},"s":{"0":1,"1":3,"2":1},"f":{"0":3},"b":{},"_coverageSchema":"1a1c01bbd47fc00a2c39e90264f33305004495a9","hash":"38a2c78ee0d662ea0bbc67a35dc1515961d18de3"}
,"/Users/pcq242/Documents/ReactNative/SimpleTests/src/screens/TextInputScreen.tsx": {"path":"/Users/pcq242/Documents/ReactNative/SimpleTests/src/screens/TextInputScreen.tsx","statementMap":{"0":{"start":{"line":5,"column":24},"end":{"line":28,"column":1}},"1":{"start":{"line":6,"column":26},"end":{"line":6,"column":38}},"2":{"start":{"line":7,"column":2},"end":{"line":27,"column":4}},"3":{"start":{"line":14,"column":31},"end":{"line":14,"column":43}},"4":{"start":{"line":30,"column":15},"end":{"line":38,"column":2}}},"fnMap":{"0":{"name":"(anonymous_0)","decl":{"start":{"line":5,"column":24},"end":{"line":5,"column":25}},"loc":{"start":{"line":5,"column":30},"end":{"line":28,"column":1}},"line":5},"1":{"name":"(anonymous_1)","decl":{"start":{"line":14,"column":24},"end":{"line":14,"column":25}},"loc":{"start":{"line":14,"column":31},"end":{"line":14,"column":43}},"line":14}},"branchMap":{},"s":{"0":1,"1":4,"2":4,"3":1,"4":1},"f":{"0":4,"1":1},"b":{},"_coverageSchema":"1a1c01bbd47fc00a2c39e90264f33305004495a9","hash":"ec57faab0a0a819eea7e923acb33e68b95e92976"}
,"/Users/pcq242/Documents/ReactNative/SimpleTests/src/screens/TextScreen.tsx": {"path":"/Users/pcq242/Documents/ReactNative/SimpleTests/src/screens/TextScreen.tsx","statementMap":{"0":{"start":{"line":5,"column":19},"end":{"line":21,"column":1}},"1":{"start":{"line":6,"column":2},"end":{"line":20,"column":4}},"2":{"start":{"line":23,"column":15},"end":{"line":32,"column":2}}},"fnMap":{"0":{"name":"(anonymous_0)","decl":{"start":{"line":5,"column":19},"end":{"line":5,"column":20}},"loc":{"start":{"line":5,"column":25},"end":{"line":21,"column":1}},"line":5}},"branchMap":{},"s":{"0":1,"1":3,"2":1},"f":{"0":3},"b":{},"_coverageSchema":"1a1c01bbd47fc00a2c39e90264f33305004495a9","hash":"00fde0d6b987caf8f911778fbebc05af5cf40d5a"}
}
