TN:
SF:src/components/NextnPrevious.tsx
FN:25,(anonymous_0)
FN:29,(anonymous_1)
FN:32,(anonymous_2)
FNF:3
FNH:3
FNDA:30,(anonymous_0)
FNDA:1,(anonymous_1)
FNDA:1,(anonymous_2)
DA:10,6
DA:25,6
DA:27,30
DA:29,30
DA:30,1
DA:32,30
DA:33,1
DA:35,30
DA:53,6
LF:9
LH:9
BRF:0
BRH:0
end_of_record
TN:
SF:src/helper/renderWithNavigation.tsx
FN:5,renderWithNavigation
FNF:1
FNH:1
FNDA:23,renderWithNavigation
DA:6,23
LF:1
LH:1
BRF:0
BRH:0
end_of_record
TN:
SF:src/screens/ButtonScreen.tsx
FN:5,(anonymous_0)
FN:14,(anonymous_1)
FN:22,(anonymous_2)
FN:30,(anonymous_3)
FNF:4
FNH:4
FNDA:10,(anonymous_0)
FNDA:2,(anonymous_1)
FNDA:2,(anonymous_2)
FNDA:2,(anonymous_3)
DA:5,1
DA:6,10
DA:7,10
DA:15,2
DA:16,2
DA:23,2
DA:24,2
DA:31,2
DA:32,2
DA:41,1
LF:10
LH:10
BRF:0
BRH:0
end_of_record
TN:
SF:src/screens/FlatListScreen.tsx
FN:135,(anonymous_0)
FN:136,(anonymous_1)
FN:144,(anonymous_2)
FN:168,(anonymous_3)
FNF:4
FNH:4
FNDA:5,(anonymous_0)
FNDA:150,(anonymous_1)
FNDA:30,(anonymous_2)
FNDA:150,(anonymous_3)
DA:12,1
DA:135,1
DA:136,5
DA:143,150
DA:145,30
DA:162,5
DA:169,150
DA:178,1
LF:8
LH:8
BRF:0
BRH:0
end_of_record
TN:
SF:src/screens/ImageScreen.tsx
FN:5,(anonymous_0)
FNF:1
FNH:1
FNDA:3,(anonymous_0)
DA:5,1
DA:6,3
DA:23,1
LF:3
LH:3
BRF:0
BRH:0
end_of_record
TN:
SF:src/screens/TextInputScreen.tsx
FN:5,(anonymous_0)
FN:14,(anonymous_1)
FNF:2
FNH:2
FNDA:4,(anonymous_0)
FNDA:1,(anonymous_1)
DA:5,1
DA:6,4
DA:7,4
DA:14,1
DA:30,1
LF:5
LH:5
BRF:0
BRH:0
end_of_record
TN:
SF:src/screens/TextScreen.tsx
FN:5,(anonymous_0)
FNF:1
FNH:1
FNDA:3,(anonymous_0)
DA:5,1
DA:6,3
DA:23,1
LF:3
LH:3
BRF:0
BRH:0
end_of_record
